<?xml version="1.0" encoding="UTF-8"?>
<!-- Generated by org.testng.reporters.JUnitReportReporter -->
<testsuite skipped="0" hostname="WIN-BE6PFADQ28D" name="com.Rest_C.testcase.TC1_Get" tests="5" failures="0" timestamp="25 May 2019 12:41:19 GMT" time="0.044" errors="0">
  <testcase name="checkStatuscode" time="0.001" classname="com.Rest_C.testcase.TC1_Get"/>
  <testcase name="checkcontenttype" time="0.002" classname="com.Rest_C.testcase.TC1_Get"/>
  <testcase name="checkresponsetime" time="0.001" classname="com.Rest_C.testcase.TC1_Get"/>
  <testcase name="checkresponsebody" time="0.032" classname="com.Rest_C.testcase.TC1_Get"/>
  <testcase name="Checkstatusline" time="0.008" classname="com.Rest_C.testcase.TC1_Get"/>
</testsuite> <!-- com.Rest_C.testcase.TC1_Get -->
