<?xml version="1.0" encoding="UTF-8"?>
<!-- Generated by org.testng.reporters.JUnitReportReporter -->
<testsuite skipped="0" hostname="WIN-BE6PFADQ28D" name="com.Rest_C.testcase.TC2_Post" tests="3" failures="0" timestamp="25 May 2019 12:07:23 GMT" time="9.943" errors="0">
  <testcase name="Post" time="7.258" classname="com.Rest_C.testcase.TC2_Post"/>
  <testcase name="checkresponsebody" time="0.092" classname="com.Rest_C.testcase.TC2_Post"/>
  <testcase name="getid" time="2.593" classname="com.Rest_C.testcase.TC2_Post"/>
</testsuite> <!-- com.Rest_C.testcase.TC2_Post -->
