<?xml version="1.0" encoding="UTF-8"?>
<!-- Generated by org.testng.reporters.JUnitReportReporter -->
<testsuite skipped="0" hostname="WIN-BE6PFADQ28D" name="com.Rest_C.testcase.TC4_Put_Update" tests="1" failures="0" timestamp="25 May 2019 12:45:04 GMT" time="7.314" errors="0">
  <testcase name="Post" time="7.314" classname="com.Rest_C.testcase.TC4_Put_Update"/>
</testsuite> <!-- com.Rest_C.testcase.TC4_Put_Update -->
