<?xml version="1.0" encoding="UTF-8"?>
<!-- Generated by org.testng.reporters.JUnitReportReporter -->
<testsuite skipped="0" hostname="WIN-BE6PFADQ28D" name="com.authentication.base.premitive" tests="1" failures="0" timestamp="26 May 2019 05:35:32 GMT" time="2.105" errors="0">
  <testcase name="preauth" time="2.105" classname="com.authentication.base.premitive"/>
</testsuite> <!-- com.authentication.base.premitive -->
