<?xml version="1.0" encoding="UTF-8"?>
<!-- Generated by org.testng.reporters.JUnitReportReporter -->
<testsuite skipped="0" hostname="WIN-BE6PFADQ28D" name="com.Rest_C.testcase.TC3_Get_EmplD" tests="2" failures="0" timestamp="25 May 2019 12:45:37 GMT" time="4.332" errors="0">
  <testcase name="getempid" time="4.304" classname="com.Rest_C.testcase.TC3_Get_EmplD"/>
  <testcase name="checkresponsebody" time="0.028" classname="com.Rest_C.testcase.TC3_Get_EmplD"/>
</testsuite> <!-- com.Rest_C.testcase.TC3_Get_EmplD -->
